[debug] [2026-05-14T02:41:47.850Z] ----------------------------------------------------------------------
[debug] [2026-05-14T02:41:47.862Z] Command:       C:\Program Files\nodejs\node.exe C:\Users\정지원\AppData\Roaming\npm\node_modules\firebase-tools\lib\bin\firebase.js deploy --only hosting,firestore:rules --project peopleops-hub --dry-run
[debug] [2026-05-14T02:41:47.863Z] CLI Version:   15.6.0
[debug] [2026-05-14T02:41:47.863Z] Platform:      win32
[debug] [2026-05-14T02:41:47.863Z] Node Version:  v24.13.0
[debug] [2026-05-14T02:41:47.864Z] Time:          Thu May 14 2026 11:41:47 GMT+0900 (대한민국 표준시)
[debug] [2026-05-14T02:41:47.864Z] ----------------------------------------------------------------------
[debug] 
[debug] [2026-05-14T02:41:47.870Z] >>> [apiv2][query] GET https://firebase-public.firebaseio.com/cli.json [none]
[debug] [2026-05-14T02:42:01.349Z] > command requires scopes: ["email","openid","https://www.googleapis.com/auth/cloudplatformprojects.readonly","https://www.googleapis.com/auth/firebase","https://www.googleapis.com/auth/cloud-platform"]
[debug] [2026-05-14T02:42:01.349Z] > authorizing via signed-in user (bobgo4404@gmail.com)
[debug] [2026-05-14T02:42:01.350Z] [iam] checking project peopleops-hub for permissions ["datastore.indexes.create","datastore.indexes.delete","datastore.indexes.list","datastore.indexes.update","firebase.projects.get","firebasehosting.sites.update"]
[debug] [2026-05-14T02:42:01.352Z] Checked if tokens are valid: false, expires at: 1775123668678
[debug] [2026-05-14T02:42:01.353Z] Checked if tokens are valid: false, expires at: 1775123668678
[debug] [2026-05-14T02:42:01.353Z] > refreshing access token with scopes: []
[debug] [2026-05-14T02:42:01.355Z] >>> [apiv2][query] POST https://www.googleapis.com/oauth2/v3/token [none]
[debug] [2026-05-14T02:42:01.355Z] >>> [apiv2][body] POST https://www.googleapis.com/oauth2/v3/token [omitted]
[debug] [2026-05-14T02:42:01.612Z] <<< [apiv2][status] POST https://www.googleapis.com/oauth2/v3/token 200
[debug] [2026-05-14T02:42:01.613Z] <<< [apiv2][body] POST https://www.googleapis.com/oauth2/v3/token [omitted]
[debug] [2026-05-14T02:42:01.656Z] >>> [apiv2][query] POST https://cloudresourcemanager.googleapis.com/v1/projects/peopleops-hub:testIamPermissions [none]
[debug] [2026-05-14T02:42:01.656Z] >>> [apiv2][(partial)header] POST https://cloudresourcemanager.googleapis.com/v1/projects/peopleops-hub:testIamPermissions  x-goog-user-project=peopleops-hub
[debug] [2026-05-14T02:42:01.656Z] >>> [apiv2][body] POST https://cloudresourcemanager.googleapis.com/v1/projects/peopleops-hub:testIamPermissions {"permissions":["datastore.indexes.create","datastore.indexes.delete","datastore.indexes.list","datastore.indexes.update","firebase.projects.get","firebasehosting.sites.update"]}
[debug] [2026-05-14T02:42:01.734Z] <<< [apiv2][status] GET https://firebase-public.firebaseio.com/cli.json 200
[debug] [2026-05-14T02:42:01.734Z] <<< [apiv2][body] GET https://firebase-public.firebaseio.com/cli.json {"cloudBuildErrorAfter":1594252800000,"cloudBuildWarnAfter":1590019200000,"defaultNode10After":1594252800000,"minVersion":"3.0.5","node8DeploysDisabledAfter":1613390400000,"node8RuntimeDisabledAfter":1615809600000,"node8WarnAfter":1600128000000}
[debug] [2026-05-14T02:42:02.051Z] <<< [apiv2][status] POST https://cloudresourcemanager.googleapis.com/v1/projects/peopleops-hub:testIamPermissions 403
[debug] [2026-05-14T02:42:02.051Z] <<< [apiv2][body] POST https://cloudresourcemanager.googleapis.com/v1/projects/peopleops-hub:testIamPermissions {"error":{"code":403,"message":"Caller does not have required permission to use project peopleops-hub. Grant the caller the roles/serviceusage.serviceUsageConsumer role, or a custom role with the serviceusage.services.use permission, by visiting https://console.developers.google.com/iam-admin/iam?project=peopleops-hub and then retry. Propagation of the new permission may take a few minutes.","status":"PERMISSION_DENIED","details":[{"@type":"type.googleapis.com/google.rpc.ErrorInfo","reason":"USER_PROJECT_DENIED","domain":"googleapis.com","metadata":{"consoleUrl":"https://console.developers.google.com/iam-admin/iam?project=peopleops-hub","containerInfo":"peopleops-hub","service":"cloudresourcemanager.googleapis.com","consumer":"projects/peopleops-hub"}},{"@type":"type.googleapis.com/google.rpc.LocalizedMessage","locale":"en-US","message":"Caller does not have required permission to use project peopleops-hub. Grant the caller the roles/serviceusage.serviceUsageConsumer role, or a custom role with the serviceusage.services.use permission, by visiting https://console.developers.google.com/iam-admin/iam?project=peopleops-hub and then retry. Propagation of the new permission may take a few minutes."},{"@type":"type.googleapis.com/google.rpc.Help","links":[{"description":"Google developer console IAM admin","url":"https://console.developers.google.com/iam-admin/iam?project=peopleops-hub"}]}]}}
[debug] [2026-05-14T02:42:02.053Z] [iam] error while checking permissions, command may fail: Request to https://cloudresourcemanager.googleapis.com/v1/projects/peopleops-hub:testIamPermissions had HTTP Error: 403, Caller does not have required permission to use project peopleops-hub. Grant the caller the roles/serviceusage.serviceUsageConsumer role, or a custom role with the serviceusage.services.use permission, by visiting https://console.developers.google.com/iam-admin/iam?project=peopleops-hub and then retry. Propagation of the new permission may take a few minutes.
[debug] [2026-05-14T02:42:02.053Z] Checked if tokens are valid: true, expires at: 1778730120613
[debug] [2026-05-14T02:42:02.054Z] Checked if tokens are valid: true, expires at: 1778730120613
[debug] [2026-05-14T02:42:02.054Z] >>> [apiv2][query] GET https://firebase.googleapis.com/v1beta1/projects/peopleops-hub [none]
[debug] [2026-05-14T02:42:02.474Z] <<< [apiv2][status] GET https://firebase.googleapis.com/v1beta1/projects/peopleops-hub 403
[debug] [2026-05-14T02:42:02.475Z] <<< [apiv2][body] GET https://firebase.googleapis.com/v1beta1/projects/peopleops-hub {"error":{"code":403,"message":"The caller does not have permission","status":"PERMISSION_DENIED"}}
[debug] [2026-05-14T02:42:02.475Z] Request to https://firebase.googleapis.com/v1beta1/projects/peopleops-hub had HTTP Error: 403, The caller does not have permission
[debug] [2026-05-14T02:42:02.480Z] FirebaseError: Request to https://firebase.googleapis.com/v1beta1/projects/peopleops-hub had HTTP Error: 403, The caller does not have permission
    at responseToError (C:\Users\정지원\AppData\Roaming\npm\node_modules\firebase-tools\lib\responseToError.js:53:12)
    at RetryOperation._fn (C:\Users\정지원\AppData\Roaming\npm\node_modules\firebase-tools\lib\apiv2.js:330:77)
    at process.processTicksAndRejections (node:internal/process/task_queues:103:5)
[error] 
[error] Error: Failed to get Firebase project peopleops-hub. Please make sure the project exists and your account has permission to access it.
